Build started 19/09/2014 21:27:01.
     1>Project "C:\Users\John\Desktop\Platformer\Platformer\Platformer.vcxproj" on node 2 (Build target(s)).
     1>ClCompile:
         C:\Program Files (x86)\Microsoft Visual C++ Compiler Nov 2013 CTP\bin\CL.exe /c /I"E:\CPPLibs\SDL2_ttf-2.0.12\include" /I"E:\CPPLibs\SDL2_mixer-2.0.0\include" /I"E:\CPPLibs\SDL2_image-2.0.0\include" /I"E:\CPPLibs\SDL2-2.0.3\include" /ZI /nologo /W3 /WX- /sdl /Od /Oy- /D _MBCS /Gm /EHsc /RTC1 /MDd /GS /fp:precise /Zc:wchar_t /Zc:forScope /Fo"Debug\\" /Fd"Debug\vc120.pdb" /Gd /TP /analyze- /errorReport:prompt game.cpp testEnemy.cpp
         testEnemy.cpp
         game.cpp
     1>c:\users\john\desktop\platformer\platformer\game.cpp(133): warning C4018: '<' : signed/unsigned mismatch
         Generating Code...
       Link:
         C:\Program Files (x86)\Microsoft Visual C++ Compiler Nov 2013 CTP\bin\link.exe /ERRORREPORT:PROMPT /OUT:"C:\Users\John\Desktop\Platformer\Debug\Platformer.exe" /INCREMENTAL /NOLOGO /LIBPATH:"E:\CPPLibs\SDL2_ttf-2.0.12\lib\x86" /LIBPATH:"E:\CPPLibs\SDL2_mixer-2.0.0\lib\x86" /LIBPATH:"E:\CPPLibs\SDL2_image-2.0.0\lib\x86" /LIBPATH:"E:\CPPLibs\SDL2-2.0.3\lib\x86" SDL2.lib SDL2main.lib SDL2_ttf.lib SDL2_mixer.lib SDL2_image.lib kernel32.lib user32.lib gdi32.lib winspool.lib comdlg32.lib advapi32.lib shell32.lib ole32.lib oleaut32.lib uuid.lib odbc32.lib odbccp32.lib /MANIFEST /MANIFESTUAC:"level='asInvoker' uiAccess='false'" /manifest:embed /DEBUG /PDB:"C:\Users\John\Desktop\Platformer\Debug\Platformer.pdb" /SUBSYSTEM:CONSOLE /TLBID:1 /DYNAMICBASE /NXCOMPAT /IMPLIB:"C:\Users\John\Desktop\Platformer\Debug\Platformer.lib" /MACHINE:X86 Debug\actor.obj
         Debug\background.obj
         Debug\enemy.obj
         Debug\game.obj
         Debug\graphics.obj
         Debug\input.obj
         Debug\player.obj
         Debug\projectile.obj
         Debug\run.obj
         Debug\sprite.obj
         Debug\testEnemy.obj
         Debug\tileMap.obj
         Platformer.vcxproj -> C:\Users\John\Desktop\Platformer\Debug\Platformer.exe
     1>Done Building Project "C:\Users\John\Desktop\Platformer\Platformer\Platformer.vcxproj" (Build target(s)).

Build succeeded.

Time Elapsed 00:00:01.83
