Build started 07/05/2014 15:38:26.
     1>Project "C:\Users\John\Desktop\GD\test\SFML-2.11\SFML-2.11\SFML-2.11.vcxproj" on node 2 (Build target(s)).
     1>ClCompile:
         D:\Program Files (x86)\Microsoft Visual Studio 11.0\VC\bin\CL.exe /c /I"D:\CPPLibs\vis_studio\SFML-2.1\include" /ZI /nologo /W3 /WX- /Od /Oy- /D _MBCS /Gm /EHsc /RTC1 /MDd /GS /fp:precise /Zc:wchar_t /Zc:forScope /Fo"Debug\\" /Fd"Debug\vc110.pdb" /Gd /TP /analyze- /errorReport:prompt Board.cpp Game.cpp run.cpp TetrisShape.cpp TetrisShapes.cpp
         TetrisShapes.cpp
         TetrisShape.cpp
         run.cpp
         Game.cpp
         Board.cpp
         Generating Code...
       Link:
         D:\Program Files (x86)\Microsoft Visual Studio 11.0\VC\bin\link.exe /ERRORREPORT:PROMPT /OUT:"C:\Users\John\Desktop\GD\test\SFML-2.11\Debug\SFML-2.11.exe" /INCREMENTAL /NOLOGO /LIBPATH:"D:\CPPLibs\vis_studio\SFML-2.1\lib" "sfml-graphics.lib" "sfml-window.lib" "sfml-system.lib" kernel32.lib user32.lib gdi32.lib winspool.lib comdlg32.lib advapi32.lib shell32.lib ole32.lib oleaut32.lib uuid.lib odbc32.lib odbccp32.lib /MANIFEST /MANIFESTUAC:"level='asInvoker' uiAccess='false'" /manifest:embed /DEBUG /PDB:"C:\Users\John\Desktop\GD\test\SFML-2.11\Debug\SFML-2.11.pdb" /TLBID:1 /DYNAMICBASE /NXCOMPAT /IMPLIB:"C:\Users\John\Desktop\GD\test\SFML-2.11\Debug\SFML-2.11.lib" /MACHINE:X86 Debug\Board.obj
         Debug\Game.obj
         Debug\run.obj
         Debug\TetrisShape.obj
         Debug\TetrisShapes.obj
         SFML-2.11.vcxproj -> C:\Users\John\Desktop\GD\test\SFML-2.11\Debug\SFML-2.11.exe
     1>Done Building Project "C:\Users\John\Desktop\GD\test\SFML-2.11\SFML-2.11\SFML-2.11.vcxproj" (Build target(s)).

Build succeeded.

Time Elapsed 00:00:03.32
